  [1m[35m (0.4ms)[0m  [1m[35mDROP DATABASE IF EXISTS "fmug_development"[0m
  [1m[35m (0.1ms)[0m  [1m[35mDROP DATABASE IF EXISTS "fmug_test"[0m
  [1m[35m (126.7ms)[0m  [1m[35mCREATE DATABASE "fmug_development" ENCODING = 'unicode'[0m
  [1m[35m (42.5ms)[0m  [1m[35mCREATE DATABASE "fmug_test" ENCODING = 'unicode'[0m
  [1m[35m (7.1ms)[0m  [1m[35mCREATE TABLE "schema_migrations" ("version" character varying NOT NULL PRIMARY KEY)[0m
  [1m[35m (1.4ms)[0m  [1m[35mCREATE TABLE "ar_internal_metadata" ("key" character varying NOT NULL PRIMARY KEY, "value" character varying, "created_at" timestamp(6) NOT NULL, "updated_at" timestamp(6) NOT NULL)[0m
  [1m[35m (0.1ms)[0m  [1m[34mSELECT pg_try_advisory_lock(6637517518457057820)[0m
  [1m[36mActiveRecord::SchemaMigration Pluck (0.2ms)[0m  [1m[34mSELECT "schema_migrations"."version" FROM "schema_migrations" ORDER BY "schema_migrations"."version" ASC[0m
  [1m[36mActiveRecord::InternalMetadata Load (0.1ms)[0m  [1m[34mSELECT "ar_internal_metadata".* FROM "ar_internal_metadata" WHERE "ar_internal_metadata"."key" = $1 LIMIT $2[0m  [["key", "environment"], ["LIMIT", 1]]
  [1m[36mTRANSACTION (0.0ms)[0m  [1m[35mBEGIN[0m
  [1m[36mActiveRecord::InternalMetadata Create (0.6ms)[0m  [1m[32mINSERT INTO "ar_internal_metadata" ("key", "value", "created_at", "updated_at") VALUES ($1, $2, $3, $4) RETURNING "key"[0m  [["key", "environment"], ["value", "development"], ["created_at", "2022-09-16 09:29:02.383993"], ["updated_at", "2022-09-16 09:29:02.383993"]]
  [1m[36mTRANSACTION (0.1ms)[0m  [1m[35mCOMMIT[0m
  [1m[35m (0.1ms)[0m  [1m[34mSELECT pg_advisory_unlock(6637517518457057820)[0m
  [1m[36mActiveRecord::SchemaMigration Pluck (0.2ms)[0m  [1m[34mSELECT "schema_migrations"."version" FROM "schema_migrations" ORDER BY "schema_migrations"."version" ASC[0m
  [1m[35m (0.1ms)[0m  [1m[34mSELECT pg_try_advisory_lock(6637517518457057820)[0m
  [1m[36mActiveRecord::SchemaMigration Pluck (0.5ms)[0m  [1m[34mSELECT "schema_migrations"."version" FROM "schema_migrations" ORDER BY "schema_migrations"."version" ASC[0m
Migrating to DeviseCreateUsers (20220916092906)
  [1m[36mTRANSACTION (0.1ms)[0m  [1m[35mBEGIN[0m
  [1m[35m (4.4ms)[0m  [1m[35mCREATE TABLE "users" ("id" bigserial primary key, "email" character varying DEFAULT '' NOT NULL, "encrypted_password" character varying DEFAULT '' NOT NULL, "reset_password_token" character varying, "reset_password_sent_at" timestamp(6), "remember_created_at" timestamp(6), "created_at" timestamp(6) NOT NULL, "updated_at" timestamp(6) NOT NULL)[0m
  [1m[35m (0.8ms)[0m  [1m[35mCREATE UNIQUE INDEX "index_users_on_email" ON "users" ("email")[0m
  [1m[35m (0.7ms)[0m  [1m[35mCREATE UNIQUE INDEX "index_users_on_reset_password_token" ON "users" ("reset_password_token")[0m
  [1m[36mActiveRecord::SchemaMigration Create (0.4ms)[0m  [1m[32mINSERT INTO "schema_migrations" ("version") VALUES ($1) RETURNING "version"[0m  [["version", "20220916092906"]]
  [1m[36mTRANSACTION (0.5ms)[0m  [1m[35mCOMMIT[0m
  [1m[36mActiveRecord::InternalMetadata Load (0.3ms)[0m  [1m[34mSELECT "ar_internal_metadata".* FROM "ar_internal_metadata" WHERE "ar_internal_metadata"."key" = $1 LIMIT $2[0m  [["key", "environment"], ["LIMIT", 1]]
  [1m[35m (0.3ms)[0m  [1m[34mSELECT pg_advisory_unlock(6637517518457057820)[0m
  [1m[36mActiveRecord::SchemaMigration Pluck (0.6ms)[0m  [1m[34mSELECT "schema_migrations"."version" FROM "schema_migrations" ORDER BY "schema_migrations"."version" ASC[0m
  [1m[35m (1.3ms)[0m  [1m[35mCREATE DATABASE "fmug_development" ENCODING = 'unicode'[0m
  [1m[35m (0.3ms)[0m  [1m[35mCREATE DATABASE "fmug_test" ENCODING = 'unicode'[0m
  [1m[35m (0.1ms)[0m  [1m[34mSELECT pg_try_advisory_lock(6637517518457057820)[0m
  [1m[36mActiveRecord::SchemaMigration Pluck (0.6ms)[0m  [1m[34mSELECT "schema_migrations"."version" FROM "schema_migrations" ORDER BY "schema_migrations"."version" ASC[0m
  [1m[36mActiveRecord::InternalMetadata Load (0.2ms)[0m  [1m[34mSELECT "ar_internal_metadata".* FROM "ar_internal_metadata" WHERE "ar_internal_metadata"."key" = $1 LIMIT $2[0m  [["key", "environment"], ["LIMIT", 1]]
  [1m[35m (0.1ms)[0m  [1m[34mSELECT pg_advisory_unlock(6637517518457057820)[0m
  [1m[36mActiveRecord::SchemaMigration Pluck (0.2ms)[0m  [1m[34mSELECT "schema_migrations"."version" FROM "schema_migrations" ORDER BY "schema_migrations"."version" ASC[0m
  [1m[35m (0.1ms)[0m  [1m[34mSELECT pg_try_advisory_lock(6637517518457057820)[0m
  [1m[36mActiveRecord::SchemaMigration Pluck (0.5ms)[0m  [1m[34mSELECT "schema_migrations"."version" FROM "schema_migrations" ORDER BY "schema_migrations"."version" ASC[0m
Migrating to AddMoreToUser (20220916135025)
  [1m[36mTRANSACTION (0.1ms)[0m  [1m[35mBEGIN[0m
  [1m[35m (5.1ms)[0m  [1m[35mALTER TABLE "users" ADD "username" character varying[0m
  [1m[35m (0.1ms)[0m  [1m[35mALTER TABLE "users" ADD "first_name" character varying[0m
  [1m[35m (1.7ms)[0m  [1m[35mALTER TABLE "users" ADD "last_name" character varying[0m
  [1m[36mActiveRecord::SchemaMigration Create (0.2ms)[0m  [1m[32mINSERT INTO "schema_migrations" ("version") VALUES ($1) RETURNING "version"[0m  [["version", "20220916135025"]]
  [1m[36mTRANSACTION (0.3ms)[0m  [1m[35mCOMMIT[0m
  [1m[36mActiveRecord::InternalMetadata Load (0.4ms)[0m  [1m[34mSELECT "ar_internal_metadata".* FROM "ar_internal_metadata" WHERE "ar_internal_metadata"."key" = $1 LIMIT $2[0m  [["key", "environment"], ["LIMIT", 1]]
  [1m[35m (0.1ms)[0m  [1m[34mSELECT pg_advisory_unlock(6637517518457057820)[0m
  [1m[36mActiveRecord::SchemaMigration Pluck (0.5ms)[0m  [1m[34mSELECT "schema_migrations"."version" FROM "schema_migrations" ORDER BY "schema_migrations"."version" ASC[0m
  [1m[35m (0.1ms)[0m  [1m[34mSELECT pg_try_advisory_lock(6637517518457057820)[0m
  [1m[36mActiveRecord::SchemaMigration Pluck (0.7ms)[0m  [1m[34mSELECT "schema_migrations"."version" FROM "schema_migrations" ORDER BY "schema_migrations"."version" ASC[0m
  [1m[36mActiveRecord::InternalMetadata Load (0.3ms)[0m  [1m[34mSELECT "ar_internal_metadata".* FROM "ar_internal_metadata" WHERE "ar_internal_metadata"."key" = $1 LIMIT $2[0m  [["key", "environment"], ["LIMIT", 1]]
  [1m[35m (0.1ms)[0m  [1m[34mSELECT pg_advisory_unlock(6637517518457057820)[0m
  [1m[36mActiveRecord::SchemaMigration Pluck (0.4ms)[0m  [1m[34mSELECT "schema_migrations"."version" FROM "schema_migrations" ORDER BY "schema_migrations"."version" ASC[0m
  [1m[35m (0.1ms)[0m  [1m[34mSELECT pg_try_advisory_lock(6637517518457057820)[0m
  [1m[36mActiveRecord::SchemaMigration Pluck (0.6ms)[0m  [1m[34mSELECT "schema_migrations"."version" FROM "schema_migrations" ORDER BY "schema_migrations"."version" ASC[0m
Migrating to CreateArticles (20220916140900)
  [1m[36mTRANSACTION (0.1ms)[0m  [1m[35mBEGIN[0m
  [1m[35m (15.2ms)[0m  [1m[35mCREATE TABLE "articles" ("id" bigserial primary key, "title" character varying, "content" text, "user_id" bigint NOT NULL, "created_at" timestamp(6) NOT NULL, "updated_at" timestamp(6) NOT NULL, CONSTRAINT "fk_rails_3d31dad1cc"
FOREIGN KEY ("user_id")
  REFERENCES "users" ("id")
)[0m
  [1m[35m (1.2ms)[0m  [1m[35mCREATE INDEX "index_articles_on_user_id" ON "articles" ("user_id")[0m
  [1m[36mActiveRecord::SchemaMigration Create (0.2ms)[0m  [1m[32mINSERT INTO "schema_migrations" ("version") VALUES ($1) RETURNING "version"[0m  [["version", "20220916140900"]]
  [1m[36mTRANSACTION (2.8ms)[0m  [1m[35mCOMMIT[0m
  [1m[36mActiveRecord::InternalMetadata Load (0.3ms)[0m  [1m[34mSELECT "ar_internal_metadata".* FROM "ar_internal_metadata" WHERE "ar_internal_metadata"."key" = $1 LIMIT $2[0m  [["key", "environment"], ["LIMIT", 1]]
  [1m[35m (0.1ms)[0m  [1m[34mSELECT pg_advisory_unlock(6637517518457057820)[0m
  [1m[36mActiveRecord::SchemaMigration Pluck (0.2ms)[0m  [1m[34mSELECT "schema_migrations"."version" FROM "schema_migrations" ORDER BY "schema_migrations"."version" ASC[0m
Started GET "/" for ::1 at 2022-09-16 18:25:30 +0200
  [1m[36mActiveRecord::SchemaMigration Pluck (0.6ms)[0m  [1m[34mSELECT "schema_migrations"."version" FROM "schema_migrations" ORDER BY "schema_migrations"."version" ASC[0m
Processing by PagesController#home as HTML
  Rendering layout layouts/application.html.erb
  Rendering pages/home.html.erb within layouts/application
  Rendered pages/home.html.erb within layouts/application (Duration: 0.9ms | Allocations: 439)
  Rendered shared/_navbar.html.erb (Duration: 1.5ms | Allocations: 864)
  Rendered shared/_flashes.html.erb (Duration: 0.3ms | Allocations: 221)
  Rendered layout layouts/application.html.erb (Duration: 3535.1ms | Allocations: 159438)
Completed 200 OK in 3542ms (Views: 3537.6ms | ActiveRecord: 0.0ms | Allocations: 164015)


Started GET "/articles" for ::1 at 2022-09-16 18:25:52 +0200
  
ActionController::RoutingError (No route matches [GET] "/articles"):
  
Started GET "/articles/index.html" for ::1 at 2022-09-16 18:26:19 +0200
Processing by ArticlesController#index as HTML
Completed 401 Unauthorized in 6ms (ActiveRecord: 0.0ms | Allocations: 1656)


Started GET "/users/sign_in" for ::1 at 2022-09-16 18:26:19 +0200
Processing by Devise::SessionsController#new as HTML
  Rendering layout layouts/application.html.erb
  Rendering devise/sessions/new.html.erb within layouts/application
  Rendered devise/shared/_links.html.erb (Duration: 0.7ms | Allocations: 734)
  Rendered devise/sessions/new.html.erb within layouts/application (Duration: 48.5ms | Allocations: 33821)
  Rendered shared/_navbar.html.erb (Duration: 0.1ms | Allocations: 194)
  Rendered shared/_flashes.html.erb (Duration: 0.0ms | Allocations: 43)
  Rendered layout layouts/application.html.erb (Duration: 55.3ms | Allocations: 42728)
Completed 200 OK in 100ms (Views: 57.8ms | ActiveRecord: 6.9ms | Allocations: 52039)


Started GET "/" for ::1 at 2022-09-18 18:49:10 +0200
  [1m[36mActiveRecord::SchemaMigration Pluck (1.0ms)[0m  [1m[34mSELECT "schema_migrations"."version" FROM "schema_migrations" ORDER BY "schema_migrations"."version" ASC[0m
Processing by PagesController#home as HTML
  Rendering layout layouts/application.html.erb
  Rendering pages/home.html.erb within layouts/application
  Rendered pages/home.html.erb within layouts/application (Duration: 0.5ms | Allocations: 331)
  Rendered shared/_navbar.html.erb (Duration: 1.1ms | Allocations: 864)
  Rendered shared/_flashes.html.erb (Duration: 0.3ms | Allocations: 221)
  Rendered layout layouts/application.html.erb (Duration: 54.7ms | Allocations: 45870)
Completed 200 OK in 59ms (Views: 56.3ms | ActiveRecord: 0.0ms | Allocations: 49215)


Started GET "/articles" for ::1 at 2022-09-18 18:49:51 +0200
  
ActionController::RoutingError (No route matches [GET] "/articles"):
  
Started GET "/articles/index.html" for ::1 at 2022-09-18 18:49:57 +0200
Processing by ArticlesController#index as HTML
Completed 401 Unauthorized in 3ms (ActiveRecord: 0.0ms | Allocations: 1278)


Started GET "/users/sign_in" for ::1 at 2022-09-18 18:49:57 +0200
Processing by Devise::SessionsController#new as HTML
  Rendering layout layouts/application.html.erb
  Rendering devise/sessions/new.html.erb within layouts/application
  Rendered devise/shared/_links.html.erb (Duration: 0.7ms | Allocations: 734)
  Rendered devise/sessions/new.html.erb within layouts/application (Duration: 37.7ms | Allocations: 28975)
  Rendered shared/_navbar.html.erb (Duration: 0.1ms | Allocations: 194)
  Rendered shared/_flashes.html.erb (Duration: 0.0ms | Allocations: 43)
  Rendered layout layouts/application.html.erb (Duration: 41.7ms | Allocations: 37996)
Completed 200 OK in 89ms (Views: 45.1ms | ActiveRecord: 10.0ms | Allocations: 46655)


Started GET "/users/sign_up" for ::1 at 2022-09-18 18:50:00 +0200
Processing by Devise::RegistrationsController#new as HTML
  Rendering layout layouts/application.html.erb
  Rendering devise/registrations/new.html.erb within layouts/application
  Rendered devise/shared/_links.html.erb (Duration: 0.2ms | Allocations: 170)
  Rendered devise/registrations/new.html.erb within layouts/application (Duration: 9.8ms | Allocations: 15525)
  Rendered shared/_navbar.html.erb (Duration: 0.2ms | Allocations: 194)
  Rendered shared/_flashes.html.erb (Duration: 0.0ms | Allocations: 35)
  Rendered layout layouts/application.html.erb (Duration: 13.9ms | Allocations: 24250)
Completed 200 OK in 18ms (Views: 17.1ms | ActiveRecord: 0.0ms | Allocations: 25508)


Started POST "/users" for ::1 at 2022-09-18 18:50:18 +0200
Processing by Devise::RegistrationsController#create as HTML
  Parameters: {"authenticity_token"=>"[FILTERED]", "user"=>{"email"=>"user1@lw.com", "password"=>"[FILTERED]", "password_confirmation"=>"[FILTERED]"}, "commit"=>"Sign up"}
  [1m[36mTRANSACTION (0.2ms)[0m  [1m[35mBEGIN[0m
  [1m[36mUser Exists? (3.0ms)[0m  [1m[34mSELECT 1 AS one FROM "users" WHERE "users"."email" = $1 LIMIT $2[0m  [["email", "user1@lw.com"], ["LIMIT", 1]]
  [1m[36mUser Create (2.6ms)[0m  [1m[32mINSERT INTO "users" ("email", "encrypted_password", "reset_password_token", "reset_password_sent_at", "remember_created_at", "created_at", "updated_at", "username", "first_name", "last_name") VALUES ($1, $2, $3, $4, $5, $6, $7, $8, $9, $10) RETURNING "id"[0m  [["email", "user1@lw.com"], ["encrypted_password", "[FILTERED]"], ["reset_password_token", "[FILTERED]"], ["reset_password_sent_at", "[FILTERED]"], ["remember_created_at", nil], ["created_at", "2022-09-18 16:50:18.794909"], ["updated_at", "2022-09-18 16:50:18.794909"], ["username", nil], ["first_name", nil], ["last_name", nil]]
  [1m[36mTRANSACTION (0.4ms)[0m  [1m[35mCOMMIT[0m
Redirected to http://localhost:3000/articles/index.html
Completed 302 Found in 295ms (ActiveRecord: 6.3ms | Allocations: 10785)


Started GET "/articles/index.html" for ::1 at 2022-09-18 18:50:18 +0200
Processing by ArticlesController#index as HTML
  [1m[36mUser Load (0.2ms)[0m  [1m[34mSELECT "users".* FROM "users" WHERE "users"."id" = $1 ORDER BY "users"."id" ASC LIMIT $2[0m  [["id", 1], ["LIMIT", 1]]
  Rendering layout layouts/application.html.erb
  Rendering articles/index.html.erb within layouts/application
  Rendered articles/index.html.erb within layouts/application (Duration: 0.4ms | Allocations: 123)
  Rendered shared/_navbar.html.erb (Duration: 0.2ms | Allocations: 410)
  Rendered shared/_flashes.html.erb (Duration: 0.0ms | Allocations: 42)
  Rendered layout layouts/application.html.erb (Duration: 7.4ms | Allocations: 9428)
Completed 200 OK in 10ms (Views: 7.9ms | ActiveRecord: 0.3ms | Allocations: 11826)


  [1m[36mUser Load (0.7ms)[0m  [1m[34mSELECT "users".* FROM "users" WHERE "users"."id" = $1 LIMIT $2[0m  [["id", 1], ["LIMIT", 1]]
  [1m[36mTRANSACTION (0.4ms)[0m  [1m[35mBEGIN[0m
  [1m[36mUser Load (1.0ms)[0m  [1m[34mSELECT "users".* FROM "users" WHERE "users"."id" = $1 LIMIT $2[0m  [["id", 1], ["LIMIT", 1]]
  [1m[36mArticle Create (2.9ms)[0m  [1m[32mINSERT INTO "articles" ("title", "content", "user_id", "created_at", "updated_at") VALUES ($1, $2, $3, $4, $5) RETURNING "id"[0m  [["title", "first article"], ["content", "First content of the first article"], ["user_id", 1], ["created_at", "2022-09-18 16:58:31.595522"], ["updated_at", "2022-09-18 16:58:31.595522"]]
  [1m[36mTRANSACTION (0.7ms)[0m  [1m[35mCOMMIT[0m
Started GET "/articles/index.html" for ::1 at 2022-09-18 19:04:59 +0200
Processing by ArticlesController#index as HTML
  [1m[36mUser Load (0.8ms)[0m  [1m[34mSELECT "users".* FROM "users" WHERE "users"."id" = $1 ORDER BY "users"."id" ASC LIMIT $2[0m  [["id", 1], ["LIMIT", 1]]
  Rendering layout layouts/application.html.erb
  Rendering articles/index.html.erb within layouts/application
  [1m[36mArticle Load (0.6ms)[0m  [1m[34mSELECT "articles".* FROM "articles"[0m
  ↳ app/views/articles/index.html.erb:5
  Rendered articles/index.html.erb within layouts/application (Duration: 7.7ms | Allocations: 4089)
  Rendered shared/_navbar.html.erb (Duration: 0.4ms | Allocations: 801)
  Rendered shared/_flashes.html.erb (Duration: 0.1ms | Allocations: 206)
  Rendered layout layouts/application.html.erb (Duration: 12.6ms | Allocations: 14279)
Completed 200 OK in 28ms (Views: 7.8ms | ActiveRecord: 11.4ms | Allocations: 24422)


Started GET "/articles/index.html" for ::1 at 2022-09-18 19:07:10 +0200
Processing by ArticlesController#index as HTML
  [1m[36mUser Load (0.9ms)[0m  [1m[34mSELECT "users".* FROM "users" WHERE "users"."id" = $1 ORDER BY "users"."id" ASC LIMIT $2[0m  [["id", 1], ["LIMIT", 1]]
  Rendering layout layouts/application.html.erb
  Rendering articles/index.html.erb within layouts/application
  [1m[36mArticle Load (0.7ms)[0m  [1m[34mSELECT "articles".* FROM "articles"[0m
  ↳ app/views/articles/index.html.erb:6
  Rendered articles/index.html.erb within layouts/application (Duration: 4.4ms | Allocations: 859)
  Rendered shared/_navbar.html.erb (Duration: 1.5ms | Allocations: 790)
  Rendered shared/_flashes.html.erb (Duration: 0.4ms | Allocations: 206)
  Rendered layout layouts/application.html.erb (Duration: 17.9ms | Allocations: 10726)
Completed 200 OK in 31ms (Views: 20.4ms | ActiveRecord: 1.5ms | Allocations: 13006)


Started GET "/" for ::1 at 2022-09-19 18:49:22 +0200
  [1m[36mActiveRecord::SchemaMigration Pluck (1.1ms)[0m  [1m[34mSELECT "schema_migrations"."version" FROM "schema_migrations" ORDER BY "schema_migrations"."version" ASC[0m
Processing by PagesController#home as HTML
  Rendering layout layouts/application.html.erb
  Rendering pages/home.html.erb within layouts/application
  Rendered pages/home.html.erb within layouts/application (Duration: 0.5ms | Allocations: 331)
  Rendered shared/_navbar.html.erb (Duration: 1.2ms | Allocations: 864)
  Rendered shared/_flashes.html.erb (Duration: 0.6ms | Allocations: 221)
  Rendered layout layouts/application.html.erb (Duration: 55.6ms | Allocations: 46186)
Completed 200 OK in 59ms (Views: 56.9ms | ActiveRecord: 0.0ms | Allocations: 49531)


Started GET "/articles" for ::1 at 2022-09-19 18:49:28 +0200
  
ActionController::RoutingError (No route matches [GET] "/articles"):
  
Started GET "/articles/index.html" for ::1 at 2022-09-19 18:49:34 +0200
Processing by ArticlesController#index as HTML
Completed 401 Unauthorized in 3ms (ActiveRecord: 0.0ms | Allocations: 1266)


Started GET "/users/sign_in" for ::1 at 2022-09-19 18:49:34 +0200
Processing by Devise::SessionsController#new as HTML
  Rendering layout layouts/application.html.erb
  Rendering devise/sessions/new.html.erb within layouts/application
  Rendered devise/shared/_links.html.erb (Duration: 0.7ms | Allocations: 732)
  Rendered devise/sessions/new.html.erb within layouts/application (Duration: 66.2ms | Allocations: 28978)
  Rendered shared/_navbar.html.erb (Duration: 0.1ms | Allocations: 194)
  Rendered shared/_flashes.html.erb (Duration: 0.0ms | Allocations: 43)
  Rendered layout layouts/application.html.erb (Duration: 70.3ms | Allocations: 38000)
Completed 200 OK in 91ms (Views: 71.6ms | ActiveRecord: 10.8ms | Allocations: 46648)


Started POST "/users/sign_in" for ::1 at 2022-09-19 18:49:44 +0200
Processing by Devise::SessionsController#create as HTML
  Parameters: {"authenticity_token"=>"[FILTERED]", "user"=>{"email"=>"user1@kw.com", "password"=>"[FILTERED]", "remember_me"=>"0"}, "commit"=>"Log in"}
  [1m[36mUser Load (4.6ms)[0m  [1m[34mSELECT "users".* FROM "users" WHERE "users"."email" = $1 ORDER BY "users"."id" ASC LIMIT $2[0m  [["email", "user1@kw.com"], ["LIMIT", 1]]
Completed 401 Unauthorized in 12ms (ActiveRecord: 4.7ms | Allocations: 3750)


Processing by Devise::SessionsController#new as HTML
  Parameters: {"authenticity_token"=>"[FILTERED]", "user"=>{"email"=>"user1@kw.com", "password"=>"[FILTERED]", "remember_me"=>"0"}, "commit"=>"Log in"}
  Rendering layout layouts/application.html.erb
  Rendering devise/sessions/new.html.erb within layouts/application
  Rendered devise/shared/_links.html.erb (Duration: 0.1ms | Allocations: 133)
  Rendered devise/sessions/new.html.erb within layouts/application (Duration: 9.3ms | Allocations: 20525)
  Rendered shared/_navbar.html.erb (Duration: 0.1ms | Allocations: 130)
  Rendered shared/_flashes.html.erb (Duration: 0.0ms | Allocations: 20)
  Rendered layout layouts/application.html.erb (Duration: 13.3ms | Allocations: 29103)
Completed 200 OK in 287ms (Views: 13.7ms | ActiveRecord: 0.0ms | Allocations: 30381)


Started POST "/users/sign_in" for ::1 at 2022-09-19 18:49:54 +0200
Processing by Devise::SessionsController#create as HTML
  Parameters: {"authenticity_token"=>"[FILTERED]", "user"=>{"email"=>"user1@kw.com", "password"=>"[FILTERED]", "remember_me"=>"0"}, "commit"=>"Log in"}
  [1m[36mUser Load (0.9ms)[0m  [1m[34mSELECT "users".* FROM "users" WHERE "users"."email" = $1 ORDER BY "users"."id" ASC LIMIT $2[0m  [["email", "user1@kw.com"], ["LIMIT", 1]]
Completed 401 Unauthorized in 7ms (ActiveRecord: 0.9ms | Allocations: 1671)


Processing by Devise::SessionsController#new as HTML
  Parameters: {"authenticity_token"=>"[FILTERED]", "user"=>{"email"=>"user1@kw.com", "password"=>"[FILTERED]", "remember_me"=>"0"}, "commit"=>"Log in"}
  Rendering layout layouts/application.html.erb
  Rendering devise/sessions/new.html.erb within layouts/application
  Rendered devise/shared/_links.html.erb (Duration: 0.1ms | Allocations: 131)
  Rendered devise/sessions/new.html.erb within layouts/application (Duration: 9.3ms | Allocations: 20365)
  Rendered shared/_navbar.html.erb (Duration: 0.1ms | Allocations: 123)
  Rendered shared/_flashes.html.erb (Duration: 0.0ms | Allocations: 18)
  Rendered layout layouts/application.html.erb (Duration: 15.5ms | Allocations: 29127)
Completed 200 OK in 283ms (Views: 16.2ms | ActiveRecord: 0.0ms | Allocations: 29625)


Started POST "/users/sign_in" for ::1 at 2022-09-19 18:50:03 +0200
Processing by Devise::SessionsController#create as HTML
  Parameters: {"authenticity_token"=>"[FILTERED]", "user"=>{"email"=>"user1@lw.com", "password"=>"[FILTERED]", "remember_me"=>"0"}, "commit"=>"Log in"}
  [1m[36mUser Load (2.5ms)[0m  [1m[34mSELECT "users".* FROM "users" WHERE "users"."email" = $1 ORDER BY "users"."id" ASC LIMIT $2[0m  [["email", "user1@lw.com"], ["LIMIT", 1]]
Redirected to http://localhost:3000/articles/index.html
Completed 302 Found in 278ms (ActiveRecord: 2.5ms | Allocations: 2823)


Started GET "/articles/index.html" for ::1 at 2022-09-19 18:50:04 +0200
Processing by ArticlesController#index as HTML
  [1m[36mUser Load (0.5ms)[0m  [1m[34mSELECT "users".* FROM "users" WHERE "users"."id" = $1 ORDER BY "users"."id" ASC LIMIT $2[0m  [["id", 1], ["LIMIT", 1]]
  Rendering layout layouts/application.html.erb
  Rendering articles/index.html.erb within layouts/application
  [1m[36mArticle Load (4.4ms)[0m  [1m[34mSELECT "articles".* FROM "articles"[0m
  ↳ app/views/articles/index.html.erb:6
  Rendered articles/index.html.erb within layouts/application (Duration: 9.3ms | Allocations: 4123)
  Rendered shared/_navbar.html.erb (Duration: 0.2ms | Allocations: 411)
  Rendered shared/_flashes.html.erb (Duration: 0.0ms | Allocations: 40)
  Rendered layout layouts/application.html.erb (Duration: 13.1ms | Allocations: 13431)
Completed 200 OK in 22ms (Views: 6.7ms | ActiveRecord: 7.4ms | Allocations: 22417)


  [1m[36mTRANSACTION (0.2ms)[0m  [1m[35mBEGIN[0m
  [1m[36mUser Load (0.9ms)[0m  [1m[34mSELECT "users".* FROM "users" WHERE "users"."id" = $1 LIMIT $2[0m  [["id", 1], ["LIMIT", 1]]
  [1m[36mArticle Create (2.5ms)[0m  [1m[32mINSERT INTO "articles" ("title", "content", "user_id", "created_at", "updated_at") VALUES ($1, $2, $3, $4, $5) RETURNING "id"[0m  [["title", "Second Article"], ["content", "This is the second article in the DB, how cool is that"], ["user_id", 1], ["created_at", "2022-09-19 17:03:12.767431"], ["updated_at", "2022-09-19 17:03:12.767431"]]
  [1m[36mTRANSACTION (0.4ms)[0m  [1m[35mCOMMIT[0m
  [1m[36mArticle Load (1.1ms)[0m  [1m[34mSELECT "articles".* FROM "articles"[0m
Started GET "/articles/index.html" for ::1 at 2022-09-19 19:05:11 +0200
Processing by ArticlesController#index as HTML
  [1m[36mUser Load (0.9ms)[0m  [1m[34mSELECT "users".* FROM "users" WHERE "users"."id" = $1 ORDER BY "users"."id" ASC LIMIT $2[0m  [["id", 1], ["LIMIT", 1]]
  Rendering layout layouts/application.html.erb
  Rendering articles/index.html.erb within layouts/application
  [1m[36mArticle Load (1.3ms)[0m  [1m[34mSELECT "articles".* FROM "articles"[0m
  ↳ app/views/articles/index.html.erb:6
  Rendered articles/index.html.erb within layouts/application (Duration: 2.6ms | Allocations: 610)
  Rendered shared/_navbar.html.erb (Duration: 0.4ms | Allocations: 339)
  Rendered shared/_flashes.html.erb (Duration: 0.0ms | Allocations: 24)
  Rendered layout layouts/application.html.erb (Duration: 12.8ms | Allocations: 9307)
Completed 200 OK in 50ms (Views: 12.0ms | ActiveRecord: 9.8ms | Allocations: 14001)


Started GET "/articles/index.html" for ::1 at 2022-09-19 19:27:21 +0200
Processing by ArticlesController#index as HTML
  [1m[36mUser Load (0.9ms)[0m  [1m[34mSELECT "users".* FROM "users" WHERE "users"."id" = $1 ORDER BY "users"."id" ASC LIMIT $2[0m  [["id", 1], ["LIMIT", 1]]
  Rendering layout layouts/application.html.erb
  Rendering articles/index.html.erb within layouts/application
  [1m[36mArticle Load (1.3ms)[0m  [1m[34mSELECT "articles".* FROM "articles"[0m
  ↳ app/views/articles/index.html.erb:6
  Rendered articles/index.html.erb within layouts/application (Duration: 3.3ms | Allocations: 610)
  Rendered shared/_navbar.html.erb (Duration: 0.4ms | Allocations: 339)
  Rendered shared/_flashes.html.erb (Duration: 0.1ms | Allocations: 24)
  Rendered layout layouts/application.html.erb (Duration: 17.2ms | Allocations: 9306)
Completed 200 OK in 45ms (Views: 16.9ms | ActiveRecord: 9.9ms | Allocations: 13694)


Started GET "/" for ::1 at 2022-10-04 18:35:30 +0200
  [1m[36mActiveRecord::SchemaMigration Pluck (1.2ms)[0m  [1m[34mSELECT "schema_migrations"."version" FROM "schema_migrations" ORDER BY "schema_migrations"."version" ASC[0m
Processing by PagesController#home as HTML
  Rendering layout layouts/application.html.erb
  Rendering pages/home.html.erb within layouts/application
  Rendered pages/home.html.erb within layouts/application (Duration: 0.5ms | Allocations: 331)
  Rendered shared/_navbar.html.erb (Duration: 1.1ms | Allocations: 864)
  Rendered shared/_flashes.html.erb (Duration: 0.3ms | Allocations: 221)
  Rendered layout layouts/application.html.erb (Duration: 56.0ms | Allocations: 46199)
Completed 200 OK in 61ms (Views: 57.5ms | ActiveRecord: 0.0ms | Allocations: 49544)


Started GET "/articles/index.html" for ::1 at 2022-10-04 18:37:51 +0200
Processing by ArticlesController#index as HTML
Completed 401 Unauthorized in 3ms (ActiveRecord: 0.0ms | Allocations: 1300)


Started GET "/users/sign_in" for ::1 at 2022-10-04 18:37:51 +0200
Processing by Devise::SessionsController#new as HTML
  Rendering layout layouts/application.html.erb
  Rendering devise/sessions/new.html.erb within layouts/application
  Rendered devise/shared/_links.html.erb (Duration: 2.6ms | Allocations: 725)
  Rendered devise/sessions/new.html.erb within layouts/application (Duration: 35.4ms | Allocations: 29101)
  Rendered shared/_navbar.html.erb (Duration: 1.6ms | Allocations: 194)
  Rendered shared/_flashes.html.erb (Duration: 0.0ms | Allocations: 43)
  Rendered layout layouts/application.html.erb (Duration: 60.1ms | Allocations: 37826)
Completed 200 OK in 81ms (Views: 61.3ms | ActiveRecord: 11.3ms | Allocations: 46469)


Started POST "/users/sign_in" for ::1 at 2022-10-04 18:38:00 +0200
Processing by Devise::SessionsController#create as HTML
  Parameters: {"authenticity_token"=>"[FILTERED]", "user"=>{"email"=>"user1@lw.com", "password"=>"[FILTERED]", "remember_me"=>"0"}, "commit"=>"Log in"}
  [1m[36mUser Load (16.5ms)[0m  [1m[34mSELECT "users".* FROM "users" WHERE "users"."email" = $1 ORDER BY "users"."id" ASC LIMIT $2[0m  [["email", "user1@lw.com"], ["LIMIT", 1]]
Redirected to http://localhost:3000/articles/index.html
Completed 302 Found in 284ms (ActiveRecord: 16.6ms | Allocations: 5916)


Started GET "/articles/index.html" for ::1 at 2022-10-04 18:38:01 +0200
Processing by ArticlesController#index as HTML
  [1m[36mUser Load (0.3ms)[0m  [1m[34mSELECT "users".* FROM "users" WHERE "users"."id" = $1 ORDER BY "users"."id" ASC LIMIT $2[0m  [["id", 1], ["LIMIT", 1]]
  Rendering layout layouts/application.html.erb
  Rendering articles/index.html.erb within layouts/application
  [1m[36mArticle Load (6.4ms)[0m  [1m[34mSELECT "articles".* FROM "articles"[0m
  ↳ app/views/articles/index.html.erb:6
  Rendered articles/index.html.erb within layouts/application (Duration: 11.6ms | Allocations: 4097)
  Rendered shared/_navbar.html.erb (Duration: 0.2ms | Allocations: 411)
  Rendered shared/_flashes.html.erb (Duration: 0.0ms | Allocations: 40)
  Rendered layout layouts/application.html.erb (Duration: 15.9ms | Allocations: 13231)
Completed 200 OK in 21ms (Views: 8.1ms | ActiveRecord: 8.8ms | Allocations: 16531)


  [1m[36mActiveRecord::SchemaMigration Pluck (1.2ms)[0m  [1m[34mSELECT "schema_migrations"."version" FROM "schema_migrations" ORDER BY "schema_migrations"."version" ASC[0m
  [1m[36mActiveRecord::InternalMetadata Pluck (0.8ms)[0m  [1m[34mSELECT "ar_internal_metadata"."value" FROM "ar_internal_metadata" WHERE "ar_internal_metadata"."key" = $1 LIMIT $2[0m  [["key", "environment"], ["LIMIT", 1]]
  [1m[36mActiveRecord::SchemaMigration Pluck (0.1ms)[0m  [1m[34mSELECT "schema_migrations"."version" FROM "schema_migrations" ORDER BY "schema_migrations"."version" ASC[0m
  [1m[36mActiveRecord::InternalMetadata Pluck (0.1ms)[0m  [1m[34mSELECT "ar_internal_metadata"."value" FROM "ar_internal_metadata" WHERE "ar_internal_metadata"."key" = $1 LIMIT $2[0m  [["key", "environment"], ["LIMIT", 1]]
  [1m[36mActiveRecord::SchemaMigration Pluck (0.1ms)[0m  [1m[34mSELECT "schema_migrations"."version" FROM "schema_migrations" ORDER BY "schema_migrations"."version" ASC[0m
  [1m[36mActiveRecord::InternalMetadata Pluck (0.1ms)[0m  [1m[34mSELECT "ar_internal_metadata"."value" FROM "ar_internal_metadata" WHERE "ar_internal_metadata"."key" = $1 LIMIT $2[0m  [["key", "environment"], ["LIMIT", 1]]
  [1m[35m (31.5ms)[0m  [1m[35mDROP DATABASE IF EXISTS "fmug_development"[0m
  [1m[35m (31.3ms)[0m  [1m[35mDROP DATABASE IF EXISTS "fmug_test"[0m
